2025-12-20T21:21:05.115+05:30  INFO 8316 --- [USER-SERVICE] [restartedMain] c.s.usermgmt.UserManagementApplication   : Starting UserManagementApplication using Java 21.0.6 with PID 8316 (D:\JavaWorkspace\blogging-project\backend\user-management\target\classes started by Mejora in D:\JavaWorkspace\blogging-project\backend\user-management)
2025-12-20T21:21:05.119+05:30  INFO 8316 --- [USER-SERVICE] [restartedMain] c.s.usermgmt.UserManagementApplication   : The following 1 profile is active: "local"
2025-12-20T21:21:05.190+05:30  INFO 8316 --- [USER-SERVICE] [restartedMain] .e.DevToolsPropertyDefaultsPostProcessor : Devtools property defaults active! Set 'spring.devtools.add-properties' to 'false' to disable
2025-12-20T21:21:05.192+05:30  INFO 8316 --- [USER-SERVICE] [restartedMain] .e.DevToolsPropertyDefaultsPostProcessor : For additional web related logging consider setting the 'logging.level.web' property to 'DEBUG'
2025-12-20T21:21:07.187+05:30  INFO 8316 --- [USER-SERVICE] [restartedMain] .s.d.r.c.RepositoryConfigurationDelegate : Bootstrapping Spring Data JPA repositories in DEFAULT mode.
2025-12-20T21:21:07.329+05:30  INFO 8316 --- [USER-SERVICE] [restartedMain] .s.d.r.c.RepositoryConfigurationDelegate : Finished Spring Data repository scanning in 130 ms. Found 1 JPA repository interface.
2025-12-20T21:21:07.960+05:30  INFO 8316 --- [USER-SERVICE] [restartedMain] o.s.cloud.context.scope.GenericScope     : BeanFactory id=effc6e97-4e97-32a3-ac2b-ddc90ff6b75a
2025-12-20T21:21:09.253+05:30  INFO 8316 --- [USER-SERVICE] [restartedMain] o.s.b.w.embedded.tomcat.TomcatWebServer  : Tomcat initialized with port 9092 (http)
2025-12-20T21:21:09.279+05:30  INFO 8316 --- [USER-SERVICE] [restartedMain] o.apache.catalina.core.StandardService   : Starting service [Tomcat]
2025-12-20T21:21:09.280+05:30  INFO 8316 --- [USER-SERVICE] [restartedMain] o.apache.catalina.core.StandardEngine    : Starting Servlet engine: [Apache Tomcat/10.1.44]
2025-12-20T21:21:09.392+05:30  INFO 8316 --- [USER-SERVICE] [restartedMain] o.a.c.c.C.[Tomcat].[localhost].[/]       : Initializing Spring embedded WebApplicationContext
2025-12-20T21:21:09.393+05:30  INFO 8316 --- [USER-SERVICE] [restartedMain] w.s.c.ServletWebServerApplicationContext : Root WebApplicationContext: initialization completed in 4201 ms
2025-12-20T21:21:09.987+05:30 DEBUG 8316 --- [USER-SERVICE] [restartedMain] o.s.w.f.ServerHttpObservationFilter      : Filter 'webMvcObservationFilter' configured for use
2025-12-20T21:21:10.941+05:30  INFO 8316 --- [USER-SERVICE] [restartedMain] o.s.o.j.p.SpringPersistenceUnitInfo      : No LoadTimeWeaver setup: ignoring JPA class transformer
2025-12-20T21:21:10.978+05:30  INFO 8316 --- [USER-SERVICE] [restartedMain] com.zaxxer.hikari.HikariDataSource       : HikariPool-1 - Starting...
2025-12-20T21:21:11.151+05:30  INFO 8316 --- [USER-SERVICE] [restartedMain] com.zaxxer.hikari.pool.HikariPool        : HikariPool-1 - Added connection com.mysql.cj.jdbc.ConnectionImpl@3718bb8f
2025-12-20T21:21:11.153+05:30  INFO 8316 --- [USER-SERVICE] [restartedMain] com.zaxxer.hikari.HikariDataSource       : HikariPool-1 - Start completed.
2025-12-20T21:21:11.177+05:30  WARN 8316 --- [USER-SERVICE] [restartedMain] org.hibernate.orm.deprecation            : HHH90000025: MySQL8Dialect does not need to be specified explicitly using 'hibernate.dialect' (remove the property setting and it will be selected by default)
2025-12-20T21:21:11.180+05:30  WARN 8316 --- [USER-SERVICE] [restartedMain] org.hibernate.orm.deprecation            : HHH90000026: MySQL8Dialect has been deprecated; use org.hibernate.dialect.MySQLDialect instead
2025-12-20T21:21:12.711+05:30  INFO 8316 --- [USER-SERVICE] [restartedMain] j.LocalContainerEntityManagerFactoryBean : Initialized JPA EntityManagerFactory for persistence unit 'default'
2025-12-20T21:21:13.725+05:30  WARN 8316 --- [USER-SERVICE] [restartedMain] ConfigServletWebServerApplicationContext : Exception encountered during context initialization - cancelling refresh attempt: org.springframework.beans.factory.UnsatisfiedDependencyException: Error creating bean with name 'userDetailsServiceImpl' defined in file [D:\JavaWorkspace\blogging-project\backend\user-management\target\classes\com\stech\usermgmt\service\impl\UserDetailsServiceImpl.class]: Unsatisfied dependency expressed through constructor parameter 0: Error creating bean with name 'userDetailsRepository' defined in com.stech.usermgmt.repository.UserDetailsRepository defined in @EnableJpaRepositories declared on JpaRepositoriesRegistrar.EnableJpaRepositoriesConfiguration: Could not create query for public abstract java.util.Optional com.stech.usermgmt.repository.UserDetailsRepository.findByUserId(java.lang.String); Reason: Failed to create query for method public abstract java.util.Optional com.stech.usermgmt.repository.UserDetailsRepository.findByUserId(java.lang.String); Cannot compare left expression of type 'java.lang.Long' with right expression of type 'java.lang.String'
2025-12-20T21:21:13.727+05:30  INFO 8316 --- [USER-SERVICE] [restartedMain] j.LocalContainerEntityManagerFactoryBean : Closing JPA EntityManagerFactory for persistence unit 'default'
2025-12-20T21:21:13.736+05:30  INFO 8316 --- [USER-SERVICE] [restartedMain] com.zaxxer.hikari.HikariDataSource       : HikariPool-1 - Shutdown initiated...
2025-12-20T21:21:13.754+05:30  INFO 8316 --- [USER-SERVICE] [restartedMain] com.zaxxer.hikari.HikariDataSource       : HikariPool-1 - Shutdown completed.
2025-12-20T21:21:13.771+05:30  INFO 8316 --- [USER-SERVICE] [restartedMain] o.apache.catalina.core.StandardService   : Stopping service [Tomcat]
2025-12-20T21:21:13.810+05:30  INFO 8316 --- [USER-SERVICE] [restartedMain] .s.b.a.l.ConditionEvaluationReportLogger : 

Error starting ApplicationContext. To display the condition evaluation report re-run your application with 'debug' enabled.
2025-12-20T21:21:13.852+05:30 ERROR 8316 --- [USER-SERVICE] [restartedMain] o.s.boot.SpringApplication               : Application run failed

org.springframework.beans.factory.UnsatisfiedDependencyException: Error creating bean with name 'userDetailsServiceImpl' defined in file [D:\JavaWorkspace\blogging-project\backend\user-management\target\classes\com\stech\usermgmt\service\impl\UserDetailsServiceImpl.class]: Unsatisfied dependency expressed through constructor parameter 0: Error creating bean with name 'userDetailsRepository' defined in com.stech.usermgmt.repository.UserDetailsRepository defined in @EnableJpaRepositories declared on JpaRepositoriesRegistrar.EnableJpaRepositoriesConfiguration: Could not create query for public abstract java.util.Optional com.stech.usermgmt.repository.UserDetailsRepository.findByUserId(java.lang.String); Reason: Failed to create query for method public abstract java.util.Optional com.stech.usermgmt.repository.UserDetailsRepository.findByUserId(java.lang.String); Cannot compare left expression of type 'java.lang.Long' with right expression of type 'java.lang.String'
	at org.springframework.beans.factory.support.ConstructorResolver.createArgumentArray(ConstructorResolver.java:804) ~[spring-beans-6.2.10.jar:6.2.10]
	at org.springframework.beans.factory.support.ConstructorResolver.autowireConstructor(ConstructorResolver.java:240) ~[spring-beans-6.2.10.jar:6.2.10]
	at org.springframework.beans.factory.support.AbstractAutowireCapableBeanFactory.autowireConstructor(AbstractAutowireCapableBeanFactory.java:1395) ~[spring-beans-6.2.10.jar:6.2.10]
	at org.springframework.beans.factory.support.AbstractAutowireCapableBeanFactory.createBeanInstance(AbstractAutowireCapableBeanFactory.java:1232) ~[spring-beans-6.2.10.jar:6.2.10]
	at org.springframework.beans.factory.support.AbstractAutowireCapableBeanFactory.doCreateBean(AbstractAutowireCapableBeanFactory.java:569) ~[spring-beans-6.2.10.jar:6.2.10]
	at org.springframework.beans.factory.support.AbstractAutowireCapableBeanFactory.createBean(AbstractAutowireCapableBeanFactory.java:529) ~[spring-beans-6.2.10.jar:6.2.10]
	at org.springframework.beans.factory.support.AbstractBeanFactory.lambda$doGetBean$0(AbstractBeanFactory.java:339) ~[spring-beans-6.2.10.jar:6.2.10]
	at org.springframework.beans.factory.support.DefaultSingletonBeanRegistry.getSingleton(DefaultSingletonBeanRegistry.java:373) ~[spring-beans-6.2.10.jar:6.2.10]
	at org.springframework.beans.factory.support.AbstractBeanFactory.doGetBean(AbstractBeanFactory.java:337) ~[spring-beans-6.2.10.jar:6.2.10]
	at org.springframework.beans.factory.support.AbstractBeanFactory.getBean(AbstractBeanFactory.java:202) ~[spring-beans-6.2.10.jar:6.2.10]
	at org.springframework.beans.factory.support.DefaultListableBeanFactory.instantiateSingleton(DefaultListableBeanFactory.java:1222) ~[spring-beans-6.2.10.jar:6.2.10]
	at org.springframework.beans.factory.support.DefaultListableBeanFactory.preInstantiateSingleton(DefaultListableBeanFactory.java:1188) ~[spring-beans-6.2.10.jar:6.2.10]
	at org.springframework.beans.factory.support.DefaultListableBeanFactory.preInstantiateSingletons(DefaultListableBeanFactory.java:1123) ~[spring-beans-6.2.10.jar:6.2.10]
	at org.springframework.context.support.AbstractApplicationContext.finishBeanFactoryInitialization(AbstractApplicationContext.java:987) ~[spring-context-6.2.10.jar:6.2.10]
	at org.springframework.context.support.AbstractApplicationContext.refresh(AbstractApplicationContext.java:627) ~[spring-context-6.2.10.jar:6.2.10]
	at org.springframework.boot.web.servlet.context.ServletWebServerApplicationContext.refresh(ServletWebServerApplicationContext.java:146) ~[spring-boot-3.5.5.jar:3.5.5]
	at org.springframework.boot.SpringApplication.refresh(SpringApplication.java:752) ~[spring-boot-3.5.5.jar:3.5.5]
	at org.springframework.boot.SpringApplication.refreshContext(SpringApplication.java:439) ~[spring-boot-3.5.5.jar:3.5.5]
	at org.springframework.boot.SpringApplication.run(SpringApplication.java:318) ~[spring-boot-3.5.5.jar:3.5.5]
	at org.springframework.boot.SpringApplication.run(SpringApplication.java:1361) ~[spring-boot-3.5.5.jar:3.5.5]
	at org.springframework.boot.SpringApplication.run(SpringApplication.java:1350) ~[spring-boot-3.5.5.jar:3.5.5]
	at com.stech.usermgmt.UserManagementApplication.main(UserManagementApplication.java:14) ~[classes/:na]
	at java.base/jdk.internal.reflect.DirectMethodHandleAccessor.invoke(DirectMethodHandleAccessor.java:103) ~[na:na]
	at java.base/java.lang.reflect.Method.invoke(Method.java:580) ~[na:na]
	at org.springframework.boot.devtools.restart.RestartLauncher.run(RestartLauncher.java:50) ~[spring-boot-devtools-3.5.5.jar:3.5.5]
Caused by: org.springframework.beans.factory.BeanCreationException: Error creating bean with name 'userDetailsRepository' defined in com.stech.usermgmt.repository.UserDetailsRepository defined in @EnableJpaRepositories declared on JpaRepositoriesRegistrar.EnableJpaRepositoriesConfiguration: Could not create query for public abstract java.util.Optional com.stech.usermgmt.repository.UserDetailsRepository.findByUserId(java.lang.String); Reason: Failed to create query for method public abstract java.util.Optional com.stech.usermgmt.repository.UserDetailsRepository.findByUserId(java.lang.String); Cannot compare left expression of type 'java.lang.Long' with right expression of type 'java.lang.String'
	at org.springframework.beans.factory.support.AbstractAutowireCapableBeanFactory.initializeBean(AbstractAutowireCapableBeanFactory.java:1826) ~[spring-beans-6.2.10.jar:6.2.10]
	at org.springframework.beans.factory.support.AbstractAutowireCapableBeanFactory.doCreateBean(AbstractAutowireCapableBeanFactory.java:607) ~[spring-beans-6.2.10.jar:6.2.10]
	at org.springframework.beans.factory.support.AbstractAutowireCapableBeanFactory.createBean(AbstractAutowireCapableBeanFactory.java:529) ~[spring-beans-6.2.10.jar:6.2.10]
	at org.springframework.beans.factory.support.AbstractBeanFactory.lambda$doGetBean$0(AbstractBeanFactory.java:339) ~[spring-beans-6.2.10.jar:6.2.10]
	at org.springframework.beans.factory.support.DefaultSingletonBeanRegistry.getSingleton(DefaultSingletonBeanRegistry.java:373) ~[spring-beans-6.2.10.jar:6.2.10]
	at org.springframework.beans.factory.support.AbstractBeanFactory.doGetBean(AbstractBeanFactory.java:337) ~[spring-beans-6.2.10.jar:6.2.10]
	at org.springframework.beans.factory.support.AbstractBeanFactory.getBean(AbstractBeanFactory.java:202) ~[spring-beans-6.2.10.jar:6.2.10]
	at org.springframework.beans.factory.config.DependencyDescriptor.resolveCandidate(DependencyDescriptor.java:254) ~[spring-beans-6.2.10.jar:6.2.10]
	at org.springframework.beans.factory.support.DefaultListableBeanFactory.doResolveDependency(DefaultListableBeanFactory.java:1752) ~[spring-beans-6.2.10.jar:6.2.10]
	at org.springframework.beans.factory.support.DefaultListableBeanFactory.resolveDependency(DefaultListableBeanFactory.java:1635) ~[spring-beans-6.2.10.jar:6.2.10]
	at org.springframework.beans.factory.support.ConstructorResolver.resolveAutowiredArgument(ConstructorResolver.java:913) ~[spring-beans-6.2.10.jar:6.2.10]
	at org.springframework.beans.factory.support.ConstructorResolver.createArgumentArray(ConstructorResolver.java:791) ~[spring-beans-6.2.10.jar:6.2.10]
	... 24 common frames omitted
Caused by: org.springframework.data.repository.query.QueryCreationException: Could not create query for public abstract java.util.Optional com.stech.usermgmt.repository.UserDetailsRepository.findByUserId(java.lang.String); Reason: Failed to create query for method public abstract java.util.Optional com.stech.usermgmt.repository.UserDetailsRepository.findByUserId(java.lang.String); Cannot compare left expression of type 'java.lang.Long' with right expression of type 'java.lang.String'
	at org.springframework.data.repository.query.QueryCreationException.create(QueryCreationException.java:101) ~[spring-data-commons-3.5.3.jar:3.5.3]
	at org.springframework.data.repository.core.support.QueryExecutorMethodInterceptor.lookupQuery(QueryExecutorMethodInterceptor.java:120) ~[spring-data-commons-3.5.3.jar:3.5.3]
	at org.springframework.data.repository.core.support.QueryExecutorMethodInterceptor.mapMethodsToQuery(QueryExecutorMethodInterceptor.java:104) ~[spring-data-commons-3.5.3.jar:3.5.3]
	at org.springframework.data.repository.core.support.QueryExecutorMethodInterceptor.lambda$new$0(QueryExecutorMethodInterceptor.java:92) ~[spring-data-commons-3.5.3.jar:3.5.3]
	at java.base/java.util.Optional.map(Optional.java:260) ~[na:na]
	at org.springframework.data.repository.core.support.QueryExecutorMethodInterceptor.<init>(QueryExecutorMethodInterceptor.java:92) ~[spring-data-commons-3.5.3.jar:3.5.3]
	at org.springframework.data.repository.core.support.RepositoryFactorySupport.getRepository(RepositoryFactorySupport.java:434) ~[spring-data-commons-3.5.3.jar:3.5.3]
	at org.springframework.data.repository.core.support.RepositoryFactoryBeanSupport.lambda$afterPropertiesSet$4(RepositoryFactoryBeanSupport.java:350) ~[spring-data-commons-3.5.3.jar:3.5.3]
	at org.springframework.data.util.Lazy.getNullable(Lazy.java:135) ~[spring-data-commons-3.5.3.jar:3.5.3]
	at org.springframework.data.util.Lazy.get(Lazy.java:113) ~[spring-data-commons-3.5.3.jar:3.5.3]
	at org.springframework.data.repository.core.support.RepositoryFactoryBeanSupport.afterPropertiesSet(RepositoryFactoryBeanSupport.java:356) ~[spring-data-commons-3.5.3.jar:3.5.3]
	at org.springframework.data.jpa.repository.support.JpaRepositoryFactoryBean.afterPropertiesSet(JpaRepositoryFactoryBean.java:132) ~[spring-data-jpa-3.5.3.jar:3.5.3]
	at org.springframework.beans.factory.support.AbstractAutowireCapableBeanFactory.invokeInitMethods(AbstractAutowireCapableBeanFactory.java:1873) ~[spring-beans-6.2.10.jar:6.2.10]
	at org.springframework.beans.factory.support.AbstractAutowireCapableBeanFactory.initializeBean(AbstractAutowireCapableBeanFactory.java:1822) ~[spring-beans-6.2.10.jar:6.2.10]
	... 35 common frames omitted
Caused by: java.lang.IllegalArgumentException: Failed to create query for method public abstract java.util.Optional com.stech.usermgmt.repository.UserDetailsRepository.findByUserId(java.lang.String); Cannot compare left expression of type 'java.lang.Long' with right expression of type 'java.lang.String'
	at org.springframework.data.jpa.repository.query.PartTreeJpaQuery.<init>(PartTreeJpaQuery.java:107) ~[spring-data-jpa-3.5.3.jar:3.5.3]
	at org.springframework.data.jpa.repository.query.JpaQueryLookupStrategy$CreateQueryLookupStrategy.resolveQuery(JpaQueryLookupStrategy.java:128) ~[spring-data-jpa-3.5.3.jar:3.5.3]
	at org.springframework.data.jpa.repository.query.JpaQueryLookupStrategy$CreateIfNotFoundQueryLookupStrategy.resolveQuery(JpaQueryLookupStrategy.java:260) ~[spring-data-jpa-3.5.3.jar:3.5.3]
	at org.springframework.data.jpa.repository.query.JpaQueryLookupStrategy$AbstractQueryLookupStrategy.resolveQuery(JpaQueryLookupStrategy.java:99) ~[spring-data-jpa-3.5.3.jar:3.5.3]
	at org.springframework.data.repository.core.support.QueryExecutorMethodInterceptor.lookupQuery(QueryExecutorMethodInterceptor.java:116) ~[spring-data-commons-3.5.3.jar:3.5.3]
	... 47 common frames omitted
Caused by: org.hibernate.query.SemanticException: Cannot compare left expression of type 'java.lang.Long' with right expression of type 'java.lang.String'
	at org.hibernate.query.sqm.internal.TypecheckUtil.assertComparable(TypecheckUtil.java:406) ~[hibernate-core-6.6.26.Final.jar:6.6.26.Final]
	at org.hibernate.query.sqm.tree.predicate.SqmComparisonPredicate.<init>(SqmComparisonPredicate.java:46) ~[hibernate-core-6.6.26.Final.jar:6.6.26.Final]
	at org.hibernate.query.sqm.tree.predicate.SqmComparisonPredicate.<init>(SqmComparisonPredicate.java:32) ~[hibernate-core-6.6.26.Final.jar:6.6.26.Final]
	at org.hibernate.query.sqm.internal.SqmCriteriaNodeBuilder.equal(SqmCriteriaNodeBuilder.java:2158) ~[hibernate-core-6.6.26.Final.jar:6.6.26.Final]
	at org.hibernate.query.sqm.internal.SqmCriteriaNodeBuilder.equal(SqmCriteriaNodeBuilder.java:192) ~[hibernate-core-6.6.26.Final.jar:6.6.26.Final]
	at org.springframework.data.jpa.repository.query.JpaQueryCreator$PredicateBuilder.build(JpaQueryCreator.java:319) ~[spring-data-jpa-3.5.3.jar:3.5.3]
	at org.springframework.data.jpa.repository.query.JpaQueryCreator.toPredicate(JpaQueryCreator.java:211) ~[spring-data-jpa-3.5.3.jar:3.5.3]
	at org.springframework.data.jpa.repository.query.JpaQueryCreator.create(JpaQueryCreator.java:122) ~[spring-data-jpa-3.5.3.jar:3.5.3]
	at org.springframework.data.jpa.repository.query.JpaQueryCreator.create(JpaQueryCreator.java:1) ~[spring-data-jpa-3.5.3.jar:3.5.3]
	at org.springframework.data.repository.query.parser.AbstractQueryCreator.createCriteria(AbstractQueryCreator.java:119) ~[spring-data-commons-3.5.3.jar:3.5.3]
	at org.springframework.data.repository.query.parser.AbstractQueryCreator.createQuery(AbstractQueryCreator.java:95) ~[spring-data-commons-3.5.3.jar:3.5.3]
	at org.springframework.data.repository.query.parser.AbstractQueryCreator.createQuery(AbstractQueryCreator.java:81) ~[spring-data-commons-3.5.3.jar:3.5.3]
	at org.springframework.data.jpa.repository.query.PartTreeJpaQuery$QueryPreparer.<init>(PartTreeJpaQuery.java:224) ~[spring-data-jpa-3.5.3.jar:3.5.3]
	at org.springframework.data.jpa.repository.query.PartTreeJpaQuery$CountQueryPreparer.<init>(PartTreeJpaQuery.java:370) ~[spring-data-jpa-3.5.3.jar:3.5.3]
	at org.springframework.data.jpa.repository.query.PartTreeJpaQuery.<init>(PartTreeJpaQuery.java:103) ~[spring-data-jpa-3.5.3.jar:3.5.3]
	... 51 common frames omitted

2025-12-20T21:24:27.400+05:30  INFO 1760 --- [USER-SERVICE] [restartedMain] c.s.usermgmt.UserManagementApplication   : Starting UserManagementApplication using Java 21.0.6 with PID 1760 (D:\JavaWorkspace\blogging-project\backend\user-management\target\classes started by Mejora in D:\JavaWorkspace\blogging-project\backend\user-management)
2025-12-20T21:24:27.402+05:30  INFO 1760 --- [USER-SERVICE] [restartedMain] c.s.usermgmt.UserManagementApplication   : The following 1 profile is active: "local"
2025-12-20T21:24:27.495+05:30  INFO 1760 --- [USER-SERVICE] [restartedMain] .e.DevToolsPropertyDefaultsPostProcessor : Devtools property defaults active! Set 'spring.devtools.add-properties' to 'false' to disable
2025-12-20T21:24:27.496+05:30  INFO 1760 --- [USER-SERVICE] [restartedMain] .e.DevToolsPropertyDefaultsPostProcessor : For additional web related logging consider setting the 'logging.level.web' property to 'DEBUG'
2025-12-20T21:24:29.260+05:30  INFO 1760 --- [USER-SERVICE] [restartedMain] .s.d.r.c.RepositoryConfigurationDelegate : Bootstrapping Spring Data JPA repositories in DEFAULT mode.
2025-12-20T21:24:29.389+05:30  INFO 1760 --- [USER-SERVICE] [restartedMain] .s.d.r.c.RepositoryConfigurationDelegate : Finished Spring Data repository scanning in 116 ms. Found 1 JPA repository interface.
2025-12-20T21:24:29.959+05:30  INFO 1760 --- [USER-SERVICE] [restartedMain] o.s.cloud.context.scope.GenericScope     : BeanFactory id=effc6e97-4e97-32a3-ac2b-ddc90ff6b75a
2025-12-20T21:24:31.299+05:30  INFO 1760 --- [USER-SERVICE] [restartedMain] o.s.b.w.embedded.tomcat.TomcatWebServer  : Tomcat initialized with port 9092 (http)
2025-12-20T21:24:31.322+05:30  INFO 1760 --- [USER-SERVICE] [restartedMain] o.apache.catalina.core.StandardService   : Starting service [Tomcat]
2025-12-20T21:24:31.323+05:30  INFO 1760 --- [USER-SERVICE] [restartedMain] o.apache.catalina.core.StandardEngine    : Starting Servlet engine: [Apache Tomcat/10.1.44]
2025-12-20T21:24:31.405+05:30  INFO 1760 --- [USER-SERVICE] [restartedMain] o.a.c.c.C.[Tomcat].[localhost].[/]       : Initializing Spring embedded WebApplicationContext
2025-12-20T21:24:31.406+05:30  INFO 1760 --- [USER-SERVICE] [restartedMain] w.s.c.ServletWebServerApplicationContext : Root WebApplicationContext: initialization completed in 3909 ms
2025-12-20T21:24:31.969+05:30 DEBUG 1760 --- [USER-SERVICE] [restartedMain] o.s.w.f.ServerHttpObservationFilter      : Filter 'webMvcObservationFilter' configured for use
2025-12-20T21:24:33.426+05:30  INFO 1760 --- [USER-SERVICE] [restartedMain] o.s.o.j.p.SpringPersistenceUnitInfo      : No LoadTimeWeaver setup: ignoring JPA class transformer
2025-12-20T21:24:33.498+05:30  INFO 1760 --- [USER-SERVICE] [restartedMain] com.zaxxer.hikari.HikariDataSource       : HikariPool-1 - Starting...
2025-12-20T21:24:33.930+05:30  INFO 1760 --- [USER-SERVICE] [restartedMain] com.zaxxer.hikari.pool.HikariPool        : HikariPool-1 - Added connection com.mysql.cj.jdbc.ConnectionImpl@54ccca25
2025-12-20T21:24:33.937+05:30  INFO 1760 --- [USER-SERVICE] [restartedMain] com.zaxxer.hikari.HikariDataSource       : HikariPool-1 - Start completed.
2025-12-20T21:24:34.003+05:30  WARN 1760 --- [USER-SERVICE] [restartedMain] org.hibernate.orm.deprecation            : HHH90000025: MySQL8Dialect does not need to be specified explicitly using 'hibernate.dialect' (remove the property setting and it will be selected by default)
2025-12-20T21:24:34.006+05:30  WARN 1760 --- [USER-SERVICE] [restartedMain] org.hibernate.orm.deprecation            : HHH90000026: MySQL8Dialect has been deprecated; use org.hibernate.dialect.MySQLDialect instead
2025-12-20T21:24:36.665+05:30  INFO 1760 --- [USER-SERVICE] [restartedMain] j.LocalContainerEntityManagerFactoryBean : Initialized JPA EntityManagerFactory for persistence unit 'default'
2025-12-20T21:24:38.574+05:30  INFO 1760 --- [USER-SERVICE] [restartedMain] c.s.c.s.aspect.PermissionSecurityAspect  : Constant checking: PermissionSecurityAspect initialized
2025-12-20T21:24:41.751+05:30  INFO 1760 --- [USER-SERVICE] [restartedMain] o.s.b.a.e.web.EndpointLinksResolver      : Exposing 1 endpoint beneath base path '/actuator'
2025-12-20T21:24:42.055+05:30  WARN 1760 --- [USER-SERVICE] [restartedMain] JpaBaseConfiguration$JpaWebConfiguration : spring.jpa.open-in-view is enabled by default. Therefore, database queries may be performed during view rendering. Explicitly configure spring.jpa.open-in-view to disable this warning
2025-12-20T21:24:42.336+05:30  WARN 1760 --- [USER-SERVICE] [restartedMain] .s.s.UserDetailsServiceAutoConfiguration : 

Using generated security password: a04d770e-a29c-4aec-9016-feaf59c2cb88

This generated password is for development use only. Your security configuration must be updated before running your application in production.

2025-12-20T21:24:42.373+05:30  INFO 1760 --- [USER-SERVICE] [restartedMain] r$InitializeUserDetailsManagerConfigurer : Global AuthenticationManager configured with UserDetailsService bean with name inMemoryUserDetailsManager
2025-12-20T21:24:42.710+05:30 DEBUG 1760 --- [USER-SERVICE] [restartedMain] s.w.s.m.m.a.RequestMappingHandlerMapping : 11 mappings in 'requestMappingHandlerMapping'
2025-12-20T21:24:43.209+05:30 DEBUG 1760 --- [USER-SERVICE] [restartedMain] o.s.w.s.c.annotation.WebMvcConfigurer    : Default resource handling disabled
2025-12-20T21:24:43.231+05:30 DEBUG 1760 --- [USER-SERVICE] [restartedMain] o.s.w.s.handler.SimpleUrlHandlerMapping  : Patterns [/swagger-ui*/*swagger-initializer.js, /swagger-ui*/**] in 'resourceHandlerMapping'
2025-12-20T21:24:43.670+05:30  INFO 1760 --- [USER-SERVICE] [restartedMain] o.s.v.b.OptionalValidatorFactoryBean     : Failed to set up a Bean Validation provider: jakarta.validation.NoProviderFoundException: Unable to create a Configuration, because no Jakarta Bean Validation provider could be found. Add a provider like Hibernate Validator (RI) to your classpath.
2025-12-20T21:24:43.808+05:30 DEBUG 1760 --- [USER-SERVICE] [restartedMain] s.w.s.m.m.a.RequestMappingHandlerAdapter : ControllerAdvice beans: 0 @ModelAttribute, 0 @InitBinder, 1 RequestBodyAdvice, 1 ResponseBodyAdvice
2025-12-20T21:24:44.024+05:30 DEBUG 1760 --- [USER-SERVICE] [restartedMain] .m.m.a.ExceptionHandlerExceptionResolver : ControllerAdvice beans: 3 @ExceptionHandler, 1 ResponseBodyAdvice
2025-12-20T21:24:46.350+05:30  WARN 1760 --- [USER-SERVICE] [restartedMain] o.s.b.d.a.OptionalLiveReloadServer       : Unable to start LiveReload server
2025-12-20T21:24:46.540+05:30  INFO 1760 --- [USER-SERVICE] [restartedMain] DiscoveryClientOptionalArgsConfiguration : Eureka HTTP Client uses RestTemplate.
2025-12-20T21:24:46.785+05:30  WARN 1760 --- [USER-SERVICE] [restartedMain] iguration$LoadBalancerCaffeineWarnLogger : Spring Cloud LoadBalancer is currently working with the default cache. While this cache implementation is useful for development and tests, it's recommended to use Caffeine cache in production.You can switch to using Caffeine cache, by adding it and org.springframework.cache.caffeine.CaffeineCacheManager to the classpath.
2025-12-20T21:24:47.067+05:30  INFO 1760 --- [USER-SERVICE] [restartedMain] o.s.c.n.eureka.InstanceInfoFactory       : Setting initial instance status as: STARTING
2025-12-20T21:24:47.124+05:30  INFO 1760 --- [USER-SERVICE] [restartedMain] com.netflix.discovery.DiscoveryClient    : Initializing Eureka in region us-east-1
2025-12-20T21:24:47.136+05:30  INFO 1760 --- [USER-SERVICE] [restartedMain] c.n.d.s.r.aws.ConfigClusterResolver      : Resolving eureka endpoints via configuration
2025-12-20T21:24:47.152+05:30  INFO 1760 --- [USER-SERVICE] [restartedMain] com.netflix.discovery.DiscoveryClient    : Disable delta property : false
2025-12-20T21:24:47.152+05:30  INFO 1760 --- [USER-SERVICE] [restartedMain] com.netflix.discovery.DiscoveryClient    : Single vip registry refresh property : null
2025-12-20T21:24:47.153+05:30  INFO 1760 --- [USER-SERVICE] [restartedMain] com.netflix.discovery.DiscoveryClient    : Force full registry fetch : false
2025-12-20T21:24:47.153+05:30  INFO 1760 --- [USER-SERVICE] [restartedMain] com.netflix.discovery.DiscoveryClient    : Application is null : false
2025-12-20T21:24:47.153+05:30  INFO 1760 --- [USER-SERVICE] [restartedMain] com.netflix.discovery.DiscoveryClient    : Registered Applications size is zero : true
2025-12-20T21:24:47.154+05:30  INFO 1760 --- [USER-SERVICE] [restartedMain] com.netflix.discovery.DiscoveryClient    : Application version is -1: true
2025-12-20T21:24:47.154+05:30  INFO 1760 --- [USER-SERVICE] [restartedMain] com.netflix.discovery.DiscoveryClient    : Getting all instance registry info from the eureka server
2025-12-20T21:24:47.520+05:30 DEBUG 1760 --- [USER-SERVICE] [restartedMain] o.s.web.client.RestTemplate              : HTTP GET http://localhost:8761/eureka/apps/
2025-12-20T21:24:47.861+05:30 DEBUG 1760 --- [USER-SERVICE] [restartedMain] o.s.web.client.RestTemplate              : Accept=[application/json, application/yaml, application/*+json]
2025-12-20T21:24:48.508+05:30 DEBUG 1760 --- [USER-SERVICE] [restartedMain] o.s.web.client.RestTemplate              : Response 200 OK
2025-12-20T21:24:48.516+05:30 DEBUG 1760 --- [USER-SERVICE] [restartedMain] o.s.web.client.RestTemplate              : Reading to [org.springframework.cloud.netflix.eureka.http.EurekaApplications]
2025-12-20T21:24:48.583+05:30  INFO 1760 --- [USER-SERVICE] [restartedMain] com.netflix.discovery.DiscoveryClient    : The response status is 200
2025-12-20T21:24:48.584+05:30  INFO 1760 --- [USER-SERVICE] [restartedMain] com.netflix.discovery.DiscoveryClient    : Starting heartbeat executor: renew interval is: 30
2025-12-20T21:24:48.592+05:30  INFO 1760 --- [USER-SERVICE] [restartedMain] c.n.discovery.InstanceInfoReplicator     : InstanceInfoReplicator onDemand update allowed rate per min is 4
2025-12-20T21:24:48.601+05:30  INFO 1760 --- [USER-SERVICE] [restartedMain] com.netflix.discovery.DiscoveryClient    : Discovery Client initialized at timestamp 1766246088597 with initial instances count: 0
2025-12-20T21:24:48.617+05:30  INFO 1760 --- [USER-SERVICE] [RMI TCP Connection(2)-127.0.0.1] o.a.c.c.C.[Tomcat].[localhost].[/]       : Initializing Spring DispatcherServlet 'dispatcherServlet'
2025-12-20T21:24:48.617+05:30  INFO 1760 --- [USER-SERVICE] [RMI TCP Connection(2)-127.0.0.1] o.s.web.servlet.DispatcherServlet        : Initializing Servlet 'dispatcherServlet'
2025-12-20T21:24:48.618+05:30 DEBUG 1760 --- [USER-SERVICE] [RMI TCP Connection(2)-127.0.0.1] o.s.web.servlet.DispatcherServlet        : Detected StandardServletMultipartResolver
2025-12-20T21:24:48.618+05:30 DEBUG 1760 --- [USER-SERVICE] [RMI TCP Connection(2)-127.0.0.1] o.s.web.servlet.DispatcherServlet        : Detected AcceptHeaderLocaleResolver
2025-12-20T21:24:48.619+05:30 DEBUG 1760 --- [USER-SERVICE] [RMI TCP Connection(2)-127.0.0.1] o.s.web.servlet.DispatcherServlet        : Detected FixedThemeResolver
2025-12-20T21:24:48.621+05:30 DEBUG 1760 --- [USER-SERVICE] [RMI TCP Connection(2)-127.0.0.1] o.s.web.servlet.DispatcherServlet        : Detected org.springframework.web.servlet.view.DefaultRequestToViewNameTranslator@2d9dcb82
2025-12-20T21:24:48.623+05:30 DEBUG 1760 --- [USER-SERVICE] [RMI TCP Connection(2)-127.0.0.1] o.s.web.servlet.DispatcherServlet        : Detected org.springframework.web.servlet.support.SessionFlashMapManager@34c014ba
2025-12-20T21:24:48.625+05:30 DEBUG 1760 --- [USER-SERVICE] [RMI TCP Connection(2)-127.0.0.1] o.s.web.servlet.DispatcherServlet        : enableLoggingRequestDetails='false': request parameters and headers will be masked to prevent unsafe logging of potentially sensitive data
2025-12-20T21:24:48.626+05:30  INFO 1760 --- [USER-SERVICE] [RMI TCP Connection(2)-127.0.0.1] o.s.web.servlet.DispatcherServlet        : Completed initialization in 7 ms
2025-12-20T21:24:48.632+05:30  INFO 1760 --- [USER-SERVICE] [restartedMain] o.s.c.n.e.s.EurekaServiceRegistry        : Registering application USER-SERVICE with eureka with status UP
2025-12-20T21:24:48.635+05:30  INFO 1760 --- [USER-SERVICE] [restartedMain] com.netflix.discovery.DiscoveryClient    : Saw local status change event StatusChangeEvent [timestamp=1766246088635, current=UP, previous=STARTING]
2025-12-20T21:24:48.637+05:30  INFO 1760 --- [USER-SERVICE] [DiscoveryClient-InstanceInfoReplicator-%d] com.netflix.discovery.DiscoveryClient    : DiscoveryClient_USER-SERVICE/LAPTOP-UPH0HNEL:USER-SERVICE:9092: registering service...
2025-12-20T21:24:48.656+05:30 DEBUG 1760 --- [USER-SERVICE] [DiscoveryClient-InstanceInfoReplicator-%d] o.s.web.client.RestTemplate              : HTTP POST http://localhost:8761/eureka/apps/USER-SERVICE
2025-12-20T21:24:48.661+05:30 DEBUG 1760 --- [USER-SERVICE] [DiscoveryClient-InstanceInfoReplicator-%d] o.s.web.client.RestTemplate              : Accept=[application/json, application/yaml, application/*+json]
2025-12-20T21:24:48.676+05:30 DEBUG 1760 --- [USER-SERVICE] [DiscoveryClient-InstanceInfoReplicator-%d] o.s.web.client.RestTemplate              : Writing [InstanceInfo [instanceId = LAPTOP-UPH0HNEL:USER-SERVICE:9092, appName = USER-SERVICE, hostName = LAPTOP-UPH0HNEL, status = UP, ipAddr = 192.168.1.103, port = 9092, securePort = 443, dataCenterInfo = com.netflix.appinfo.MyDataCenterInfo@5eced865] as "application/json"
2025-12-20T21:24:48.718+05:30  INFO 1760 --- [USER-SERVICE] [restartedMain] o.s.b.w.embedded.tomcat.TomcatWebServer  : Tomcat started on port 9092 (http) with context path '/'
2025-12-20T21:24:48.721+05:30  INFO 1760 --- [USER-SERVICE] [restartedMain] .s.c.n.e.s.EurekaAutoServiceRegistration : Updating port to 9092
2025-12-20T21:24:48.751+05:30  INFO 1760 --- [USER-SERVICE] [restartedMain] c.s.usermgmt.UserManagementApplication   : Started UserManagementApplication in 21.928 seconds (process running for 22.894)
2025-12-20T21:24:48.913+05:30 DEBUG 1760 --- [USER-SERVICE] [DiscoveryClient-InstanceInfoReplicator-%d] o.s.web.client.RestTemplate              : Response 204 NO_CONTENT
2025-12-20T21:24:48.914+05:30  INFO 1760 --- [USER-SERVICE] [DiscoveryClient-InstanceInfoReplicator-%d] com.netflix.discovery.DiscoveryClient    : DiscoveryClient_USER-SERVICE/LAPTOP-UPH0HNEL:USER-SERVICE:9092 - registration status: 204
2025-12-20T21:25:18.601+05:30  INFO 1760 --- [USER-SERVICE] [DiscoveryClient-CacheRefreshExecutor-%d] com.netflix.discovery.DiscoveryClient    : Disable delta property : false
2025-12-20T21:25:18.602+05:30  INFO 1760 --- [USER-SERVICE] [DiscoveryClient-CacheRefreshExecutor-%d] com.netflix.discovery.DiscoveryClient    : Single vip registry refresh property : null
2025-12-20T21:25:18.604+05:30  INFO 1760 --- [USER-SERVICE] [DiscoveryClient-CacheRefreshExecutor-%d] com.netflix.discovery.DiscoveryClient    : Force full registry fetch : false
2025-12-20T21:25:18.605+05:30  INFO 1760 --- [USER-SERVICE] [DiscoveryClient-CacheRefreshExecutor-%d] com.netflix.discovery.DiscoveryClient    : Application is null : false
2025-12-20T21:25:18.605+05:30 DEBUG 1760 --- [USER-SERVICE] [DiscoveryClient-HeartbeatExecutor-%d] o.s.web.client.RestTemplate              : HTTP PUT http://localhost:8761/eureka/apps/USER-SERVICE/LAPTOP-UPH0HNEL:USER-SERVICE:9092?status=UP&lastDirtyTimestamp=1766246088634
2025-12-20T21:25:18.606+05:30  INFO 1760 --- [USER-SERVICE] [DiscoveryClient-CacheRefreshExecutor-%d] com.netflix.discovery.DiscoveryClient    : Registered Applications size is zero : true
2025-12-20T21:25:18.609+05:30  INFO 1760 --- [USER-SERVICE] [DiscoveryClient-CacheRefreshExecutor-%d] com.netflix.discovery.DiscoveryClient    : Application version is -1: false
2025-12-20T21:25:18.609+05:30  INFO 1760 --- [USER-SERVICE] [DiscoveryClient-CacheRefreshExecutor-%d] com.netflix.discovery.DiscoveryClient    : Getting all instance registry info from the eureka server
2025-12-20T21:25:18.610+05:30 DEBUG 1760 --- [USER-SERVICE] [DiscoveryClient-CacheRefreshExecutor-%d] o.s.web.client.RestTemplate              : HTTP GET http://localhost:8761/eureka/apps/
2025-12-20T21:25:18.611+05:30 DEBUG 1760 --- [USER-SERVICE] [DiscoveryClient-CacheRefreshExecutor-%d] o.s.web.client.RestTemplate              : Accept=[application/json, application/yaml, application/*+json]
2025-12-20T21:25:18.639+05:30 DEBUG 1760 --- [USER-SERVICE] [DiscoveryClient-HeartbeatExecutor-%d] o.s.web.client.RestTemplate              : Accept=[application/json, application/yaml, application/*+json]
2025-12-20T21:25:18.642+05:30 DEBUG 1760 --- [USER-SERVICE] [DiscoveryClient-CacheRefreshExecutor-%d] o.s.web.client.RestTemplate              : Response 200 OK
2025-12-20T21:25:18.644+05:30 DEBUG 1760 --- [USER-SERVICE] [DiscoveryClient-CacheRefreshExecutor-%d] o.s.web.client.RestTemplate              : Reading to [org.springframework.cloud.netflix.eureka.http.EurekaApplications]
2025-12-20T21:25:18.702+05:30  INFO 1760 --- [USER-SERVICE] [DiscoveryClient-CacheRefreshExecutor-%d] com.netflix.discovery.DiscoveryClient    : The response status is 200
2025-12-20T21:25:18.711+05:30 DEBUG 1760 --- [USER-SERVICE] [DiscoveryClient-HeartbeatExecutor-%d] o.s.web.client.RestTemplate              : Response 200 OK
2025-12-20T21:25:48.716+05:30 DEBUG 1760 --- [USER-SERVICE] [DiscoveryClient-HeartbeatExecutor-%d] o.s.web.client.RestTemplate              : HTTP PUT http://localhost:8761/eureka/apps/USER-SERVICE/LAPTOP-UPH0HNEL:USER-SERVICE:9092?status=UP&lastDirtyTimestamp=1766246088634
2025-12-20T21:25:48.717+05:30 DEBUG 1760 --- [USER-SERVICE] [DiscoveryClient-CacheRefreshExecutor-%d] o.s.web.client.RestTemplate              : HTTP GET http://localhost:8761/eureka/apps/delta
2025-12-20T21:25:48.717+05:30 DEBUG 1760 --- [USER-SERVICE] [DiscoveryClient-HeartbeatExecutor-%d] o.s.web.client.RestTemplate              : Accept=[application/json, application/yaml, application/*+json]
2025-12-20T21:25:48.718+05:30 DEBUG 1760 --- [USER-SERVICE] [DiscoveryClient-CacheRefreshExecutor-%d] o.s.web.client.RestTemplate              : Accept=[application/json, application/yaml, application/*+json]
2025-12-20T21:25:48.738+05:30 DEBUG 1760 --- [USER-SERVICE] [DiscoveryClient-HeartbeatExecutor-%d] o.s.web.client.RestTemplate              : Response 200 OK
2025-12-20T21:25:48.739+05:30 DEBUG 1760 --- [USER-SERVICE] [DiscoveryClient-CacheRefreshExecutor-%d] o.s.web.client.RestTemplate              : Response 200 OK
2025-12-20T21:25:48.739+05:30 DEBUG 1760 --- [USER-SERVICE] [DiscoveryClient-CacheRefreshExecutor-%d] o.s.web.client.RestTemplate              : Reading to [org.springframework.cloud.netflix.eureka.http.EurekaApplications]
2025-12-20T21:26:18.745+05:30 DEBUG 1760 --- [USER-SERVICE] [DiscoveryClient-HeartbeatExecutor-%d] o.s.web.client.RestTemplate              : HTTP PUT http://localhost:8761/eureka/apps/USER-SERVICE/LAPTOP-UPH0HNEL:USER-SERVICE:9092?status=UP&lastDirtyTimestamp=1766246088634
2025-12-20T21:26:18.745+05:30 DEBUG 1760 --- [USER-SERVICE] [DiscoveryClient-CacheRefreshExecutor-%d] o.s.web.client.RestTemplate              : HTTP GET http://localhost:8761/eureka/apps/delta
2025-12-20T21:26:18.746+05:30 DEBUG 1760 --- [USER-SERVICE] [DiscoveryClient-HeartbeatExecutor-%d] o.s.web.client.RestTemplate              : Accept=[application/json, application/yaml, application/*+json]
2025-12-20T21:26:18.746+05:30 DEBUG 1760 --- [USER-SERVICE] [DiscoveryClient-CacheRefreshExecutor-%d] o.s.web.client.RestTemplate              : Accept=[application/json, application/yaml, application/*+json]
2025-12-20T21:26:18.765+05:30 DEBUG 1760 --- [USER-SERVICE] [DiscoveryClient-HeartbeatExecutor-%d] o.s.web.client.RestTemplate              : Response 200 OK
2025-12-20T21:26:18.765+05:30 DEBUG 1760 --- [USER-SERVICE] [DiscoveryClient-CacheRefreshExecutor-%d] o.s.web.client.RestTemplate              : Response 200 OK
2025-12-20T21:26:18.767+05:30 DEBUG 1760 --- [USER-SERVICE] [DiscoveryClient-CacheRefreshExecutor-%d] o.s.web.client.RestTemplate              : Reading to [org.springframework.cloud.netflix.eureka.http.EurekaApplications]
2025-12-20T21:26:48.772+05:30 DEBUG 1760 --- [USER-SERVICE] [DiscoveryClient-CacheRefreshExecutor-%d] o.s.web.client.RestTemplate              : HTTP GET http://localhost:8761/eureka/apps/delta
2025-12-20T21:26:48.772+05:30 DEBUG 1760 --- [USER-SERVICE] [DiscoveryClient-HeartbeatExecutor-%d] o.s.web.client.RestTemplate              : HTTP PUT http://localhost:8761/eureka/apps/USER-SERVICE/LAPTOP-UPH0HNEL:USER-SERVICE:9092?status=UP&lastDirtyTimestamp=1766246088634
2025-12-20T21:26:48.773+05:30 DEBUG 1760 --- [USER-SERVICE] [DiscoveryClient-CacheRefreshExecutor-%d] o.s.web.client.RestTemplate              : Accept=[application/json, application/yaml, application/*+json]
2025-12-20T21:26:48.773+05:30 DEBUG 1760 --- [USER-SERVICE] [DiscoveryClient-HeartbeatExecutor-%d] o.s.web.client.RestTemplate              : Accept=[application/json, application/yaml, application/*+json]
2025-12-20T21:26:48.791+05:30 DEBUG 1760 --- [USER-SERVICE] [DiscoveryClient-CacheRefreshExecutor-%d] o.s.web.client.RestTemplate              : Response 200 OK
2025-12-20T21:26:48.791+05:30 DEBUG 1760 --- [USER-SERVICE] [DiscoveryClient-HeartbeatExecutor-%d] o.s.web.client.RestTemplate              : Response 200 OK
2025-12-20T21:26:48.792+05:30 DEBUG 1760 --- [USER-SERVICE] [DiscoveryClient-CacheRefreshExecutor-%d] o.s.web.client.RestTemplate              : Reading to [org.springframework.cloud.netflix.eureka.http.EurekaApplications]
2025-12-20T21:27:18.797+05:30 DEBUG 1760 --- [USER-SERVICE] [DiscoveryClient-CacheRefreshExecutor-%d] o.s.web.client.RestTemplate              : HTTP GET http://localhost:8761/eureka/apps/delta
2025-12-20T21:27:18.797+05:30 DEBUG 1760 --- [USER-SERVICE] [DiscoveryClient-HeartbeatExecutor-%d] o.s.web.client.RestTemplate              : HTTP PUT http://localhost:8761/eureka/apps/USER-SERVICE/LAPTOP-UPH0HNEL:USER-SERVICE:9092?status=UP&lastDirtyTimestamp=1766246088634
2025-12-20T21:27:18.798+05:30 DEBUG 1760 --- [USER-SERVICE] [DiscoveryClient-CacheRefreshExecutor-%d] o.s.web.client.RestTemplate              : Accept=[application/json, application/yaml, application/*+json]
2025-12-20T21:27:18.799+05:30 DEBUG 1760 --- [USER-SERVICE] [DiscoveryClient-HeartbeatExecutor-%d] o.s.web.client.RestTemplate              : Accept=[application/json, application/yaml, application/*+json]
2025-12-20T21:27:18.809+05:30 DEBUG 1760 --- [USER-SERVICE] [DiscoveryClient-HeartbeatExecutor-%d] o.s.web.client.RestTemplate              : Response 200 OK
2025-12-20T21:27:18.809+05:30 DEBUG 1760 --- [USER-SERVICE] [DiscoveryClient-CacheRefreshExecutor-%d] o.s.web.client.RestTemplate              : Response 200 OK
2025-12-20T21:27:18.812+05:30 DEBUG 1760 --- [USER-SERVICE] [DiscoveryClient-CacheRefreshExecutor-%d] o.s.web.client.RestTemplate              : Reading to [org.springframework.cloud.netflix.eureka.http.EurekaApplications]
2025-12-20T21:27:48.826+05:30 DEBUG 1760 --- [USER-SERVICE] [DiscoveryClient-CacheRefreshExecutor-%d] o.s.web.client.RestTemplate              : HTTP GET http://localhost:8761/eureka/apps/delta
2025-12-20T21:27:48.826+05:30 DEBUG 1760 --- [USER-SERVICE] [DiscoveryClient-HeartbeatExecutor-%d] o.s.web.client.RestTemplate              : HTTP PUT http://localhost:8761/eureka/apps/USER-SERVICE/LAPTOP-UPH0HNEL:USER-SERVICE:9092?status=UP&lastDirtyTimestamp=1766246088634
2025-12-20T21:27:48.844+05:30 DEBUG 1760 --- [USER-SERVICE] [DiscoveryClient-CacheRefreshExecutor-%d] o.s.web.client.RestTemplate              : Accept=[application/json, application/yaml, application/*+json]
2025-12-20T21:27:48.844+05:30 DEBUG 1760 --- [USER-SERVICE] [DiscoveryClient-HeartbeatExecutor-%d] o.s.web.client.RestTemplate              : Accept=[application/json, application/yaml, application/*+json]
2025-12-20T21:27:48.893+05:30 DEBUG 1760 --- [USER-SERVICE] [DiscoveryClient-HeartbeatExecutor-%d] o.s.web.client.RestTemplate              : Response 200 OK
2025-12-20T21:27:48.901+05:30 DEBUG 1760 --- [USER-SERVICE] [DiscoveryClient-CacheRefreshExecutor-%d] o.s.web.client.RestTemplate              : Response 200 OK
2025-12-20T21:27:48.906+05:30 DEBUG 1760 --- [USER-SERVICE] [DiscoveryClient-CacheRefreshExecutor-%d] o.s.web.client.RestTemplate              : Reading to [org.springframework.cloud.netflix.eureka.http.EurekaApplications]
2025-12-20T21:28:18.914+05:30 DEBUG 1760 --- [USER-SERVICE] [DiscoveryClient-HeartbeatExecutor-%d] o.s.web.client.RestTemplate              : HTTP PUT http://localhost:8761/eureka/apps/USER-SERVICE/LAPTOP-UPH0HNEL:USER-SERVICE:9092?status=UP&lastDirtyTimestamp=1766246088634
2025-12-20T21:28:18.915+05:30 DEBUG 1760 --- [USER-SERVICE] [DiscoveryClient-HeartbeatExecutor-%d] o.s.web.client.RestTemplate              : Accept=[application/json, application/yaml, application/*+json]
2025-12-20T21:28:18.920+05:30 DEBUG 1760 --- [USER-SERVICE] [DiscoveryClient-CacheRefreshExecutor-%d] o.s.web.client.RestTemplate              : HTTP GET http://localhost:8761/eureka/apps/delta
2025-12-20T21:28:18.921+05:30 DEBUG 1760 --- [USER-SERVICE] [DiscoveryClient-CacheRefreshExecutor-%d] o.s.web.client.RestTemplate              : Accept=[application/json, application/yaml, application/*+json]
2025-12-20T21:28:18.929+05:30 DEBUG 1760 --- [USER-SERVICE] [DiscoveryClient-HeartbeatExecutor-%d] o.s.web.client.RestTemplate              : Response 200 OK
2025-12-20T21:28:18.934+05:30 DEBUG 1760 --- [USER-SERVICE] [DiscoveryClient-CacheRefreshExecutor-%d] o.s.web.client.RestTemplate              : Response 200 OK
2025-12-20T21:28:18.935+05:30 DEBUG 1760 --- [USER-SERVICE] [DiscoveryClient-CacheRefreshExecutor-%d] o.s.web.client.RestTemplate              : Reading to [org.springframework.cloud.netflix.eureka.http.EurekaApplications]
2025-12-20T21:28:19.873+05:30  INFO 1760 --- [USER-SERVICE] [http-nio-9092-exec-2] c.s.c.s.f.CommonJwtAuthenticationFilter  : Processing request: GET /api/v1/user/internal/all
2025-12-20T21:28:19.878+05:30  INFO 1760 --- [USER-SERVICE] [http-nio-9092-exec-2] c.s.c.s.f.CommonJwtAuthenticationFilter  : Authorization header found for URL starting with Bearer
2025-12-20T21:28:19.947+05:30  INFO 1760 --- [USER-SERVICE] [http-nio-9092-exec-2] c.s.c.s.f.CommonJwtAuthenticationFilter  : Successfully authenticated user: manager@example.com with authorities: [ROLE_CREATE, ROLE_DELETE, ROLE_UPDATE, PERMISSION_UPDATE, USER_DELETE, PERMISSION_READ, PERMISSION_DELETE, USER_UPDATE, USER_CREATE, USER_READ, ROLE_READ, PERMISSION_CREATE]
2025-12-20T21:28:19.951+05:30  INFO 1760 --- [USER-SERVICE] [http-nio-9092-exec-2] c.s.c.s.f.CommonJwtAuthenticationFilter  : Authorization ended
2025-12-20T21:28:19.977+05:30 DEBUG 1760 --- [USER-SERVICE] [http-nio-9092-exec-2] o.s.web.servlet.DispatcherServlet        : GET "/api/v1/user/internal/all", parameters={}
2025-12-20T21:28:19.981+05:30 DEBUG 1760 --- [USER-SERVICE] [http-nio-9092-exec-2] s.w.s.m.m.a.RequestMappingHandlerMapping : Mapped to com.stech.usermgmt.controller.UserController#getAllUsersInternal()
2025-12-20T21:28:20.031+05:30 DEBUG 1760 --- [USER-SERVICE] [http-nio-9092-exec-2] o.s.w.s.m.m.a.HttpEntityMethodProcessor  : Using 'application/json', given [application/json] and supported [text/plain, */*, application/json, application/*+json, application/yaml]
2025-12-20T21:28:20.035+05:30 DEBUG 1760 --- [USER-SERVICE] [http-nio-9092-exec-2] o.s.w.s.m.m.a.HttpEntityMethodProcessor  : Writing ["All users"]
2025-12-20T21:28:20.045+05:30 DEBUG 1760 --- [USER-SERVICE] [http-nio-9092-exec-2] o.s.web.servlet.DispatcherServlet        : Completed 200 OK
